{"/Users/davidleora/Projects/japan-population-trends/src/hooks/useFetchPrefectures.ts": {"path":"/Users/davidleora/Projects/japan-population-trends/src/hooks/useFetchPrefectures.ts","all":false,"statementMap":{"0":{"start":{"line":1,"column":0},"end":{"line":1,"column":44}},"3":{"start":{"line":4,"column":0},"end":{"line":4,"column":35}},"4":{"start":{"line":5,"column":0},"end":{"line":5,"column":67}},"5":{"start":{"line":6,"column":0},"end":{"line":6,"column":58}},"7":{"start":{"line":8,"column":0},"end":{"line":8,"column":19}},"8":{"start":{"line":9,"column":0},"end":{"line":9,"column":42}},"9":{"start":{"line":10,"column":0},"end":{"line":10,"column":11}},"10":{"start":{"line":11,"column":0},"end":{"line":11,"column":37}},"11":{"start":{"line":12,"column":0},"end":{"line":12,"column":67}},"12":{"start":{"line":13,"column":0},"end":{"line":13,"column":11}},"13":{"start":{"line":14,"column":0},"end":{"line":14,"column":22}},"14":{"start":{"line":15,"column":0},"end":{"line":15,"column":62}},"15":{"start":{"line":16,"column":0},"end":{"line":16,"column":14}},"16":{"start":{"line":17,"column":0},"end":{"line":17,"column":11}},"17":{"start":{"line":18,"column":0},"end":{"line":18,"column":10}},"19":{"start":{"line":20,"column":0},"end":{"line":20,"column":27}},"20":{"start":{"line":21,"column":0},"end":{"line":21,"column":57}},"21":{"start":{"line":22,"column":0},"end":{"line":22,"column":9}},"23":{"start":{"line":24,"column":0},"end":{"line":24,"column":43}},"24":{"start":{"line":25,"column":0},"end":{"line":25,"column":36}},"25":{"start":{"line":26,"column":0},"end":{"line":26,"column":21}},"26":{"start":{"line":27,"column":0},"end":{"line":27,"column":35}},"27":{"start":{"line":28,"column":0},"end":{"line":28,"column":32}},"28":{"start":{"line":29,"column":0},"end":{"line":29,"column":16}},"29":{"start":{"line":30,"column":0},"end":{"line":30,"column":48}},"30":{"start":{"line":31,"column":0},"end":{"line":31,"column":9}},"31":{"start":{"line":32,"column":0},"end":{"line":32,"column":7}},"32":{"start":{"line":33,"column":0},"end":{"line":33,"column":6}},"34":{"start":{"line":35,"column":0},"end":{"line":35,"column":23}},"35":{"start":{"line":36,"column":0},"end":{"line":36,"column":9}},"37":{"start":{"line":38,"column":0},"end":{"line":38,"column":32}},"38":{"start":{"line":39,"column":0},"end":{"line":39,"column":2}},"40":{"start":{"line":41,"column":0},"end":{"line":41,"column":35}}},"s":{"0":1,"3":1,"4":8,"5":8,"7":8,"8":4,"9":4,"10":4,"11":4,"12":4,"13":4,"14":4,"15":4,"16":4,"17":4,"19":4,"20":1,"21":1,"23":1,"24":1,"25":4,"26":3,"27":2,"28":3,"29":1,"30":1,"31":3,"32":4,"34":4,"35":8,"37":8,"38":8,"40":1},"branchMap":{"0":{"type":"branch","line":4,"loc":{"start":{"line":4,"column":28},"end":{"line":39,"column":2}},"locations":[{"start":{"line":4,"column":28},"end":{"line":39,"column":2}}]},"1":{"type":"branch","line":8,"loc":{"start":{"line":8,"column":12},"end":{"line":36,"column":5}},"locations":[{"start":{"line":8,"column":12},"end":{"line":36,"column":5}}]},"2":{"type":"branch","line":9,"loc":{"start":{"line":9,"column":29},"end":{"line":33,"column":6}},"locations":[{"start":{"line":9,"column":29},"end":{"line":33,"column":6}}]},"3":{"type":"branch","line":18,"loc":{"start":{"line":18,"column":8},"end":{"line":20,"column":26}},"locations":[{"start":{"line":18,"column":8},"end":{"line":20,"column":26}}]},"4":{"type":"branch","line":20,"loc":{"start":{"line":20,"column":26},"end":{"line":26,"column":15}},"locations":[{"start":{"line":20,"column":26},"end":{"line":26,"column":15}}]},"5":{"type":"branch","line":26,"loc":{"start":{"line":26,"column":6},"end":{"line":32,"column":7}},"locations":[{"start":{"line":26,"column":6},"end":{"line":32,"column":7}}]},"6":{"type":"branch","line":27,"loc":{"start":{"line":27,"column":34},"end":{"line":29,"column":15}},"locations":[{"start":{"line":27,"column":34},"end":{"line":29,"column":15}}]},"7":{"type":"branch","line":29,"loc":{"start":{"line":29,"column":8},"end":{"line":31,"column":9}},"locations":[{"start":{"line":29,"column":8},"end":{"line":31,"column":9}}]}},"b":{"0":[8],"1":[4],"2":[4],"3":[2],"4":[1],"5":[3],"6":[2],"7":[1]},"fnMap":{"0":{"name":"useFetchPrefectures","decl":{"start":{"line":4,"column":28},"end":{"line":39,"column":2}},"loc":{"start":{"line":4,"column":28},"end":{"line":39,"column":2}},"line":4},"1":{"name":"fetchPrefectures","decl":{"start":{"line":9,"column":29},"end":{"line":33,"column":6}},"loc":{"start":{"line":9,"column":29},"end":{"line":33,"column":6}},"line":9}},"f":{"0":8,"1":4}}
}
